(t0): New task P1
(t0): P1 running
(t1): New task P2
(t1): New task P3
(t1): P1 running
(t2): New task P4
(t2): P1 running
(t3): Task P1 goes to sleep until (t4)
(t3): New task P5
(t2): Context switch (P1)<->(P2)
(t3): P2 running
(t4): task P1 awake
(t4): P2 running
(t5): P2 running
(t5): Context switch (P2)<->(P3)
(t6): P3 running
(t7): P3 running
(t8): P3 running
(t9): P3 running
(t10): P3 running
(t11): P3 running
(t12): P3 running
(t13): Task P3 goes to sleep until (t14)
(t12): Context switch (P3)<->(P4)
(t13): P4 running
(t14): task P3 awake
(t14): P4 running
(t15): P4 running
(t16): P4 running
(t17): P4 running
(t18): Task P4 goes to sleep until (t19)
(t17): Context switch (P4)<->(P5)
(t18): P5 running
(t19): task P4 awake
(t19): P5 running
(t20): P5 running
(t21): P5 running
(t21): Context switch (P5)<->(P1)
(t22): P1 running
(t23): P1 running
(t24): P1 running
(t25): P1 running
(t25): Context switch (P1)<->(P3)
(t26): P3 running
(t27): P3 running
(t28): P3 running
(t28): Context switch (P3)<->(P4)
(t29): P4 running
(t30): P4 running
(t31): P4 running
(t32): P4 running
(t33): P4 running
(t34): Task P4 goes to sleep until (t35)
(t33): Context switch (P4)<->(idle)
(t34): idle running
==================
P1	0	3	running
P1	3	4	I/O
P1	4	22	ready
P1	22	26	running
P2	1	3	ready
P2	3	6	running
P3	1	6	ready
P3	6	13	running
P3	13	14	I/O
P3	14	26	ready
P3	26	29	running
P4	2	13	ready
P4	13	18	running
P4	18	19	I/O
P4	19	29	ready
P4	29	34	running
P4	34	35	I/O
P5	3	18	ready
P5	18	22	running
