(t0): New task P1
(t0): P1 running
(t1): New task P3
(t1): P1 running
(t2): P1 running
(t2): Context switch (P1)<->(P3)
(t3): P3 running
(t4): P3 running
(t4): Context switch (P3)<->(idle)
(t5): idle running
(t6): idle running
(t7): idle running
(t8): idle running
(t9): idle running
(t10): idle running
(t11): idle running
(t12): idle running
(t13): idle running
(t14): idle running
(t15): idle running
(t16): idle running
(t17): idle running
(t18): idle running
(t19): idle running
(t20): idle running
(t21): idle running
(t22): idle running
(t23): idle running
(t24): idle running
(t25): idle running
(t26): idle running
(t27): idle running
(t28): idle running
(t29): idle running
(t30): idle running
(t31): idle running
(t32): idle running
(t33): idle running
(t34): idle running
(t35): idle running
(t36): idle running
(t37): idle running
(t38): idle running
(t39): idle running
(t40): idle running
(t41): idle running
(t42): idle running
(t43): idle running
(t44): idle running
(t45): idle running
(t46): idle running
(t47): idle running
(t48): idle running
(t49): idle running
==================
P1	0	3	running
P3	1	3	ready
P3	3	5	running
