(t0): New task P1
(t0): New task P3
(t0): P1 running
(t1): P1 running
(t2): P1 running
(t3): Task P1 goes to sleep until (t8)
(t2): Task P4 migrated from CPU 1 to CPU 0 
(t2): Context switch (P1)<->(P4)
(t3): P4 running
(t4): P4 running
(t5): P4 running
(t6): Task P4 goes to sleep until (t11)
(t5): Context switch (P4)<->(idle)
(t6): idle running
(t7): idle running
(t8): task P1 awake
(t7): Context switch (idle)<->(P1)
(t8): P1 running
(t9): P1 running
(t10): P1 running
(t11): task P4 awake
(t11): P1 running
(t12): Task P1 goes to sleep until (t13)
(t11): Context switch (P1)<->(P4)
(t12): P4 running
(t13): P4 running
(t14): P4 running
(t15): P4 running
(t16): Task P4 goes to sleep until (t17)
(t15): Context switch (P4)<->(idle)
(t16): idle running
(t17): idle running
==================
P1	0	3	running
P1	3	8	I/O
P1	8	12	running
P1	12	13	I/O
P3	0	1	ready
P4	3	6	running
P4	6	11	I/O
P4	11	12	ready
P4	12	16	running
P4	16	17	I/O
