(t0): New task P1
(t0): P1 running
(t1): New task P2
(t1): New task P3
(t1): P1 running
(t2): New task P4
(t2): P1 running
(t3): Task P1 goes to sleep until (t4)
(t3): New task P5
(t2): Context switch (P1)<->(P2)
(t3): P2 running
(t4): task P1 awake
(t4): P2 running
(t5): P2 running
(t5): Context switch (P2)<->(P4)
(t6): P4 running
(t7): P4 running
(t8): P4 running
(t8): Context switch (P4)<->(P3)
(t9): P3 running
(t10): P3 running
(t11): P3 running
(t12): P3 running
(t13): P3 running
(t14): P3 running
(t15): P3 running
(t16): Task P3 goes to sleep until (t17)
(t15): Context switch (P3)<->(P4)
(t16): P4 running
(t17): task P3 awake
(t17): P4 running
(t18): Task P4 goes to sleep until (t19)
(t17): Context switch (P4)<->(P3)
(t18): P3 running
(t19): task P4 awake
(t19): P3 running
(t20): P3 running
(t20): Context switch (P3)<->(P1)
(t21): P1 running
(t22): P1 running
(t23): P1 running
(t23): Context switch (P1)<->(P4)
(t24): P4 running
(t25): P4 running
(t26): P4 running
(t26): Context switch (P4)<->(P5)
(t27): P5 running
(t28): P5 running
(t29): P5 running
(t29): Context switch (P5)<->(P4)
(t30): P4 running
(t31): P4 running
(t32): Task P4 goes to sleep until (t33)
(t31): Context switch (P4)<->(P1)
(t32): P1 running
(t32): Context switch (P1)<->(P5)
(t33): P5 running
(t33): Context switch (P5)<->(idle)
==================
P1	0	3	running
P1	3	4	I/O
P1	4	21	ready
P1	21	24	running
P1	24	32	ready
P1	32	33	running
P2	1	3	ready
P2	3	6	running
P3	1	9	ready
P3	9	16	running
P3	16	17	I/O
P3	17	18	ready
P3	18	21	running
P4	2	6	ready
P4	6	9	running
P4	9	16	ready
P4	16	18	running
P4	18	19	I/O
P4	19	24	ready
P4	24	27	running
P4	27	30	ready
P4	30	32	running
P4	32	33	I/O
P5	3	27	ready
P5	27	30	running
P5	30	33	ready
P5	33	34	running
