(t0): New task P1
(t0): P1 running
(t1): New task P2
(t1): New task P3
(t1): P1 running
(t2): New task P4
(t2): P1 running
(t3): Task P1 goes to sleep until (t4)
(t3): New task P5
(t2): Context switch (P1)<->(P3)
(t3): P3 running
(t4): task P1 awake
(t4): P3 running
(t5): P3 running
(t6): P3 running
(t7): P3 running
(t8): P3 running
(t9): P3 running
(t10): Task P3 goes to sleep until (t11)
(t9): Context switch (P3)<->(P2)
(t10): P2 running
(t11): task P3 awake
(t11): P2 running
(t12): P2 running
(t12): Context switch (P2)<->(P3)
(t13): P3 running
(t14): P3 running
(t15): P3 running
(t15): Context switch (P3)<->(P4)
(t16): P4 running
(t17): P4 running
(t18): P4 running
(t19): P4 running
(t20): P4 running
(t21): Task P4 goes to sleep until (t22)
(t20): Context switch (P4)<->(P5)
(t21): P5 running
(t22): task P4 awake
(t22): P5 running
(t23): P5 running
(t23): Context switch (P5)<->(P4)
(t24): P4 running
(t25): P4 running
(t26): P4 running
(t27): P4 running
(t28): P4 running
(t29): Task P4 goes to sleep until (t30)
(t28): Context switch (P4)<->(P1)
(t29): P1 running
(t30): P1 running
(t31): P1 running
(t32): P1 running
(t32): Context switch (P1)<->(P5)
(t33): P5 running
(t33): Context switch (P5)<->(idle)
==================
P1	0	3	running
P1	3	4	I/O
P1	4	29	ready
P1	29	33	running
P2	1	10	ready
P2	10	13	running
P3	1	3	ready
P3	3	10	running
P3	10	11	I/O
P3	11	13	ready
P3	13	16	running
P4	2	16	ready
P4	16	21	running
P4	21	22	I/O
P4	22	24	ready
P4	24	29	running
P4	29	30	I/O
P5	3	21	ready
P5	21	24	running
P5	24	33	ready
P5	33	34	running
