(t0): New task P3
(t0): P3 running
(t1): P3 running
(t2): New task P4
(t2): P3 running
(t2): Context switch (P3)<->(P4)
(t3): P4 running
(t4): P4 running
(t5): P4 running
(t6): Task P4 goes to sleep until (t8)
(t5): Task P2 migrated from CPU 0 to CPU 1 
(t5): Context switch (P4)<->(P2)
(t6): P2 running
(t6): Task P1 migrated from CPU 0 to CPU 1 
(t6): Context switch (P2)<->(P1)
(t7): P1 running
(t8): task P4 awake
(t8): P1 running
(t8): Context switch (P1)<->(P4)
(t9): P4 running
(t10): Task P4 goes to sleep until (t11)
(t9): Context switch (P4)<->(P1)
(t10): P1 running
(t11): P1 running
(t12): P1 running
(t13): P1 running
(t14): P1 running
(t15): P1 running
(t15): Context switch (P1)<->(idle)
==================
P1	7	9	running
P1	9	10	ready
P1	10	16	running
P3	0	3	running
P3	3	4	ready
P2	6	7	running
P4	2	3	ready
P4	3	6	running
P4	6	8	I/O
P4	8	9	ready
P4	9	10	running
P4	10	11	I/O
