(t0): New task P1
(t0): P1 running
(t1): New task P3
(t1): P1 running
(t2): P1 running
(t3): Task P1 goes to sleep until (t4)
(t3): New task P5
(t2): Context switch (P1)<->(P3)
(t3): P3 running
(t4): task P1 awake
(t4): P3 running
(t5): P3 running
(t5): Task P1 migrated from CPU 0 to CPU 1 
(t5): Context switch (P3)<->(P5)
(t6): P5 running
(t7): P5 running
(t8): P5 running
(t8): Context switch (P5)<->(P3)
(t9): P3 running
(t10): P3 running
(t11): P3 running
(t11): Context switch (P3)<->(P5)
(t12): P5 running
(t12): Context switch (P5)<->(P3)
(t13): P3 running
(t14): Task P3 goes to sleep until (t15)
(t13): Context switch (P3)<->(idle)
(t14): idle running
(t15): task P3 awake
(t14): Context switch (idle)<->(P3)
(t15): P3 running
(t16): P3 running
(t17): P3 running
(t17): Context switch (P3)<->(idle)
(t18): idle running
==================
P1	0	3	running
P1	3	4	I/O
P1	4	6	ready
P3	1	3	ready
P3	3	6	running
P3	6	9	ready
P3	9	12	running
P3	12	13	ready
P3	13	14	running
P3	14	15	I/O
P3	15	18	running
P5	3	6	ready
P5	6	9	running
P5	9	12	ready
P5	12	13	running
