(t0): New task P1
(t0): P1 running
(t1): New task P3
(t0): Task P3 migrated from CPU 0 to CPU 1 
(t1): P1 running
(t2): P1 running
(t3): Task P1 goes to sleep until (t4)
(t3): New task P5
(t2): Context switch (P1)<->(P4)
(t3): P4 running
(t4): task P1 awake
(t4): P4 running
(t5): P4 running
(t6): P4 running
(t7): P4 running
(t8): Task P4 goes to sleep until (t9)
(t7): Context switch (P4)<->(P1)
(t8): P1 running
(t9): task P4 awake
(t9): P1 running
(t10): P1 running
(t11): P1 running
(t11): Context switch (P1)<->(P5)
(t12): P5 running
(t13): P5 running
(t14): P5 running
(t15): P5 running
(t15): Task P4 migrated from CPU 1 to CPU 0 
(t15): Context switch (P5)<->(P4)
(t16): P4 running
(t17): P4 running
(t18): Task P4 goes to sleep until (t19)
(t17): Context switch (P4)<->(idle)
(t18): idle running
==================
P1	0	3	running
P1	3	4	I/O
P1	4	8	ready
P1	8	12	running
P4	2	3	ready
P4	3	8	running
P4	8	9	I/O
P4	9	11	ready
P4	16	18	running
P4	18	19	I/O
P5	3	12	ready
P5	12	16	running
